<?xml version="1.0" encoding="utf-8"?><testsuites><testsuite name="pytest" errors="0" failures="1" skipped="0" tests="23" time="9.064" timestamp="2026-09-13T01:13:02.417105+08:00" hostname="gpu007"><testcase classname="scripts.archive.bauer_classical_20260913.code.scripts.tests.test_gate_f" name="test_graph_matches_existing_hamiltonian[periodic0-100]" time="0.307" /><testcase classname="scripts.archive.bauer_classical_20260913.code.scripts.tests.test_gate_f" name="test_graph_matches_existing_hamiltonian[periodic0-110]" time="0.011" /><testcase classname="scripts.archive.bauer_classical_20260913.code.scripts.tests.test_gate_f" name="test_graph_matches_existing_hamiltonian[periodic1-100]" time="0.008" /><testcase classname="scripts.archive.bauer_classical_20260913.code.scripts.tests.test_gate_f" name="test_graph_matches_existing_hamiltonian[periodic1-110]" time="0.012" /><testcase classname="scripts.archive.bauer_classical_20260913.code.scripts.tests.test_gate_f" name="test_graph_matches_existing_hamiltonian[periodic2-100]" time="0.008" /><testcase classname="scripts.archive.bauer_classical_20260913.code.scripts.tests.test_gate_f" name="test_graph_matches_existing_hamiltonian[periodic2-110]" time="0.012" /><testcase classname="scripts.archive.bauer_classical_20260913.code.scripts.tests.test_gate_f" name="test_twenty_joint_rotations_and_translations[100-dtype0]" time="0.296" /><testcase classname="scripts.archive.bauer_classical_20260913.code.scripts.tests.test_gate_f" name="test_twenty_joint_rotations_and_translations[100-dtype1]" time="0.242" /><testcase classname="scripts.archive.bauer_classical_20260913.code.scripts.tests.test_gate_f" name="test_twenty_joint_rotations_and_translations[110-dtype0]" time="0.108" /><testcase classname="scripts.archive.bauer_classical_20260913.code.scripts.tests.test_gate_f" name="test_twenty_joint_rotations_and_translations[110-dtype1]" time="0.105" /><testcase classname="scripts.archive.bauer_classical_20260913.code.scripts.tests.test_gate_f" name="test_source_and_cut_locus" time="0.010" /><testcase classname="scripts.archive.bauer_classical_20260913.code.scripts.tests.test_gate_f" name="test_backprop_sampling_and_checkpoint[rfm]" time="3.385" /><testcase classname="scripts.archive.bauer_classical_20260913.code.scripts.tests.test_gate_f" name="test_backprop_sampling_and_checkpoint[deterministic]" time="0.031" /><testcase classname="scripts.archive.bauer_classical_20260913.code.scripts.tests.test_gate_f" name="test_backprop_sampling_and_checkpoint[euclidean]" time="0.028" /><testcase classname="scripts.archive.bauer_classical_20260913.code.scripts.tests.test_gate_f" name="test_backprop_sampling_and_checkpoint[autoregressive]" time="0.104" /><testcase classname="scripts.archive.bauer_classical_20260913.code.scripts.tests.test_gate_f" name="test_conditions_and_physical_duration_are_consumed" time="0.014" /><testcase classname="scripts.archive.bauer_classical_20260913.code.scripts.tests.test_gate_f" name="test_reject_draft_and_leakage" time="0.001"><failure message="FileNotFoundError: [Errno 2] No such file or directory: '/share/home/xlzou/WORKSPACE/rszhong/workspace/test_new_project/altermagnetism_LLG/scripts/archive/bauer_classical_20260913/code/conf/gate_f/draft.yaml'">def test_reject_draft_and_leakage():
        draft = Path(__file__).resolve().parents[2]/'conf/gate_f/draft.yaml'
        with pytest.raises(ValueError, match='frozen'):
&gt;           load_contract(draft)

scripts/tests/test_gate_f.py:117: 
_ _ _ _ _ _ _ _ _ _ _ _ _ _ _ _ _ _ _ _ _ _ _ _ _ _ _ _ _ _ _ _ _ _ _ _ _ _ _ _ 
scripts/validation/gate_f_contract.py:47: in load_contract
    c = yaml.safe_load(path.read_text())
/share/home/xlzou/Anaconda3/envs/zrs-mag/lib/python3.10/pathlib.py:1134: in read_text
    with self.open(mode='r', encoding=encoding, errors=errors) as f:
_ _ _ _ _ _ _ _ _ _ _ _ _ _ _ _ _ _ _ _ _ _ _ _ _ _ _ _ _ _ _ _ _ _ _ _ _ _ _ _ 

self = PosixPath('/share/home/xlzou/WORKSPACE/rszhong/workspace/test_new_project/altermagnetism_LLG/scripts/archive/bauer_classical_20260913/code/conf/gate_f/draft.yaml')
mode = 'r', buffering = -1, encoding = 'locale', errors = None, newline = None

    def open(self, mode='r', buffering=-1, encoding=None,
             errors=None, newline=None):
        """
        Open the file pointed by this path and return a file object, as
        the built-in open() function does.
        """
        if "b" not in mode:
            encoding = io.text_encoding(encoding)
&gt;       return self._accessor.open(self, mode, buffering, encoding, errors,
                                   newline)
E       FileNotFoundError: [Errno 2] No such file or directory: '/share/home/xlzou/WORKSPACE/rszhong/workspace/test_new_project/altermagnetism_LLG/scripts/archive/bauer_classical_20260913/code/conf/gate_f/draft.yaml'

/share/home/xlzou/Anaconda3/envs/zrs-mag/lib/python3.10/pathlib.py:1119: FileNotFoundError</failure></testcase><testcase classname="scripts.archive.bauer_classical_20260913.code.scripts.tests.test_gate_f" name="test_graph_relabeling_covariance" time="0.295" /><testcase classname="scripts.archive.bauer_classical_20260913.code.scripts.tests.test_gate_f" name="test_ed_and_scales" time="0.005" /><testcase classname="scripts.archive.bauer_classical_20260913.code.scripts.tests.test_gate_f" name="test_full_gate_shape_gpu[16]" time="0.040" /><testcase classname="scripts.archive.bauer_classical_20260913.code.scripts.tests.test_gate_f" name="test_full_gate_shape_gpu[32]" time="0.046" /><testcase classname="scripts.archive.bauer_classical_20260913.code.scripts.tests.test_gate_f" name="test_lazy_schema_roundtrip" time="0.239" /><testcase classname="scripts.archive.bauer_classical_20260913.code.scripts.tests.test_gate_f" name="test_bootstrap_is_reproducible_and_finite" time="1.418" /></testsuite></testsuites>