<?xml version="1.0" encoding="utf-8"?><testsuites><testsuite name="pytest" errors="0" failures="0" skipped="1" tests="13" time="2.635" timestamp="2026-09-13T10:32:40.914569+08:00" hostname="fat004"><testcase classname="scripts.archive.bauer_revision4_20260913_023043.code.scripts.tests.test_bauer_gate_f" name="test_open_edges_energy_field_and_gradient" time="0.007" /><testcase classname="scripts.archive.bauer_revision4_20260913_023043.code.scripts.tests.test_bauer_gate_f" name="test_joint_so3_and_relabeling[dtype0]" time="0.055" /><testcase classname="scripts.archive.bauer_revision4_20260913_023043.code.scripts.tests.test_bauer_gate_f" name="test_joint_so3_and_relabeling[dtype1]" time="0.055" /><testcase classname="scripts.archive.bauer_revision4_20260913_023043.code.scripts.tests.test_bauer_gate_f" name="test_all_backbones[rfm]" time="0.015" /><testcase classname="scripts.archive.bauer_revision4_20260913_023043.code.scripts.tests.test_bauer_gate_f" name="test_all_backbones[deterministic]" time="0.008" /><testcase classname="scripts.archive.bauer_revision4_20260913_023043.code.scripts.tests.test_bauer_gate_f" name="test_all_backbones[euclidean]" time="0.013" /><testcase classname="scripts.archive.bauer_revision4_20260913_023043.code.scripts.tests.test_bauer_gate_f" name="test_all_backbones[autoregressive]" time="0.027" /><testcase classname="scripts.archive.bauer_revision4_20260913_023043.code.scripts.tests.test_bauer_gate_f" name="test_lambda_and_theta_consumed" time="0.008" /><testcase classname="scripts.archive.bauer_revision4_20260913_023043.code.scripts.tests.test_bauer_gate_f" name="test_44_features_and_contract_block" time="0.009" /><testcase classname="scripts.archive.bauer_revision4_20260913_023043.code.scripts.tests.test_bauer_gate_f" name="test_full_chain_candidate_architecture" time="0.000"><skipped type="pytest.skip" message="requires Slurm GPU allocation">/share/home/xlzou/WORKSPACE/rszhong/workspace/test_new_project/altermagnetism_LLG/scripts/archive/bauer_revision4_20260913_023043/code/scripts/tests/test_bauer_gate_f.py:104: requires Slurm GPU allocation</skipped></testcase><testcase classname="scripts.archive.bauer_revision4_20260913_023043.code.scripts.tests.test_bauer_revision4_audit" name="test_audit_missing_is_hold" time="0.003" /><testcase classname="scripts.archive.bauer_revision4_20260913_023043.code.scripts.tests.test_bauer_revision4_audit" name="test_audit_no_invented_reversal" time="0.007" /><testcase classname="scripts.archive.bauer_revision4_20260913_023043.code.scripts.tests.test_bauer_revision4_audit" name="test_incomplete_not_physical_censoring" time="0.002" /></testsuite></testsuites>