<?xml version="1.0" encoding="utf-8"?><testsuites><testsuite name="pytest" errors="0" failures="0" skipped="2" tests="23" time="8.795" timestamp="2026-09-12T08:14:15.936080+08:00" hostname="fat004"><testcase classname="scripts.archive.gate_f_software_20260912_001410.code.scripts.tests.test_gate_f" name="test_graph_matches_existing_hamiltonian[periodic0-100]" time="0.140" /><testcase classname="scripts.archive.gate_f_software_20260912_001410.code.scripts.tests.test_gate_f" name="test_graph_matches_existing_hamiltonian[periodic0-110]" time="0.027" /><testcase classname="scripts.archive.gate_f_software_20260912_001410.code.scripts.tests.test_gate_f" name="test_graph_matches_existing_hamiltonian[periodic1-100]" time="0.011" /><testcase classname="scripts.archive.gate_f_software_20260912_001410.code.scripts.tests.test_gate_f" name="test_graph_matches_existing_hamiltonian[periodic1-110]" time="0.016" /><testcase classname="scripts.archive.gate_f_software_20260912_001410.code.scripts.tests.test_gate_f" name="test_graph_matches_existing_hamiltonian[periodic2-100]" time="0.016" /><testcase classname="scripts.archive.gate_f_software_20260912_001410.code.scripts.tests.test_gate_f" name="test_graph_matches_existing_hamiltonian[periodic2-110]" time="0.036" /><testcase classname="scripts.archive.gate_f_software_20260912_001410.code.scripts.tests.test_gate_f" name="test_twenty_joint_rotations_and_translations[100-dtype0]" time="0.356" /><testcase classname="scripts.archive.gate_f_software_20260912_001410.code.scripts.tests.test_gate_f" name="test_twenty_joint_rotations_and_translations[100-dtype1]" time="0.162" /><testcase classname="scripts.archive.gate_f_software_20260912_001410.code.scripts.tests.test_gate_f" name="test_twenty_joint_rotations_and_translations[110-dtype0]" time="0.215" /><testcase classname="scripts.archive.gate_f_software_20260912_001410.code.scripts.tests.test_gate_f" name="test_twenty_joint_rotations_and_translations[110-dtype1]" time="0.189" /><testcase classname="scripts.archive.gate_f_software_20260912_001410.code.scripts.tests.test_gate_f" name="test_source_and_cut_locus" time="0.030" /><testcase classname="scripts.archive.gate_f_software_20260912_001410.code.scripts.tests.test_gate_f" name="test_backprop_sampling_and_checkpoint[rfm]" time="2.995" /><testcase classname="scripts.archive.gate_f_software_20260912_001410.code.scripts.tests.test_gate_f" name="test_backprop_sampling_and_checkpoint[deterministic]" time="0.022" /><testcase classname="scripts.archive.gate_f_software_20260912_001410.code.scripts.tests.test_gate_f" name="test_backprop_sampling_and_checkpoint[euclidean]" time="0.022" /><testcase classname="scripts.archive.gate_f_software_20260912_001410.code.scripts.tests.test_gate_f" name="test_backprop_sampling_and_checkpoint[autoregressive]" time="0.041" /><testcase classname="scripts.archive.gate_f_software_20260912_001410.code.scripts.tests.test_gate_f" name="test_conditions_and_physical_duration_are_consumed" time="0.016" /><testcase classname="scripts.archive.gate_f_software_20260912_001410.code.scripts.tests.test_gate_f" name="test_reject_draft_and_leakage" time="0.009" /><testcase classname="scripts.archive.gate_f_software_20260912_001410.code.scripts.tests.test_gate_f" name="test_graph_relabeling_covariance" time="0.009" /><testcase classname="scripts.archive.gate_f_software_20260912_001410.code.scripts.tests.test_gate_f" name="test_ed_and_scales" time="0.005" /><testcase classname="scripts.archive.gate_f_software_20260912_001410.code.scripts.tests.test_gate_f" name="test_full_gate_shape_gpu[16]" time="0.000"><skipped type="pytest.skip" message="full Gate-F shape smoke requires Slurm GPU">/share/home/xlzou/WORKSPACE/rszhong/workspace/test_new_project/altermagnetism_LLG/scripts/archive/gate_f_software_20260912_001410/code/scripts/tests/test_gate_f.py:156: full Gate-F shape smoke requires Slurm GPU</skipped></testcase><testcase classname="scripts.archive.gate_f_software_20260912_001410.code.scripts.tests.test_gate_f" name="test_full_gate_shape_gpu[32]" time="0.000"><skipped type="pytest.skip" message="full Gate-F shape smoke requires Slurm GPU">/share/home/xlzou/WORKSPACE/rszhong/workspace/test_new_project/altermagnetism_LLG/scripts/archive/gate_f_software_20260912_001410/code/scripts/tests/test_gate_f.py:156: full Gate-F shape smoke requires Slurm GPU</skipped></testcase><testcase classname="scripts.archive.gate_f_software_20260912_001410.code.scripts.tests.test_gate_f" name="test_lazy_schema_roundtrip" time="0.175" /><testcase classname="scripts.archive.gate_f_software_20260912_001410.code.scripts.tests.test_gate_f" name="test_bootstrap_is_reproducible_and_finite" time="1.786" /></testsuite></testsuites>