<?xml version="1.0" encoding="utf-8"?><testsuites><testsuite name="pytest" errors="0" failures="0" skipped="2" tests="21" time="3.735" timestamp="2026-09-12T08:09:44.141925+08:00" hostname="newton"><testcase classname="scripts.tests.test_gate_f" name="test_graph_matches_existing_hamiltonian[periodic0-100]" time="0.013" /><testcase classname="scripts.tests.test_gate_f" name="test_graph_matches_existing_hamiltonian[periodic0-110]" time="0.010" /><testcase classname="scripts.tests.test_gate_f" name="test_graph_matches_existing_hamiltonian[periodic1-100]" time="0.007" /><testcase classname="scripts.tests.test_gate_f" name="test_graph_matches_existing_hamiltonian[periodic1-110]" time="0.011" /><testcase classname="scripts.tests.test_gate_f" name="test_graph_matches_existing_hamiltonian[periodic2-100]" time="0.007" /><testcase classname="scripts.tests.test_gate_f" name="test_graph_matches_existing_hamiltonian[periodic2-110]" time="0.011" /><testcase classname="scripts.tests.test_gate_f" name="test_twenty_joint_rotations_and_translations[100-dtype0]" time="0.116" /><testcase classname="scripts.tests.test_gate_f" name="test_twenty_joint_rotations_and_translations[100-dtype1]" time="0.110" /><testcase classname="scripts.tests.test_gate_f" name="test_twenty_joint_rotations_and_translations[110-dtype0]" time="0.129" /><testcase classname="scripts.tests.test_gate_f" name="test_twenty_joint_rotations_and_translations[110-dtype1]" time="0.130" /><testcase classname="scripts.tests.test_gate_f" name="test_source_and_cut_locus" time="0.004" /><testcase classname="scripts.tests.test_gate_f" name="test_backprop_sampling_and_checkpoint[rfm]" time="1.027" /><testcase classname="scripts.tests.test_gate_f" name="test_backprop_sampling_and_checkpoint[deterministic]" time="0.017" /><testcase classname="scripts.tests.test_gate_f" name="test_backprop_sampling_and_checkpoint[euclidean]" time="0.018" /><testcase classname="scripts.tests.test_gate_f" name="test_backprop_sampling_and_checkpoint[autoregressive]" time="0.038" /><testcase classname="scripts.tests.test_gate_f" name="test_conditions_and_physical_duration_are_consumed" time="0.014" /><testcase classname="scripts.tests.test_gate_f" name="test_reject_draft_and_leakage" time="0.008" /><testcase classname="scripts.tests.test_gate_f" name="test_graph_relabeling_covariance" time="0.008" /><testcase classname="scripts.tests.test_gate_f" name="test_ed_and_scales" time="0.002" /><testcase classname="scripts.tests.test_gate_f" name="test_full_gate_shape_gpu[16]" time="0.000"><skipped type="pytest.skip" message="full Gate-F shape smoke requires Slurm GPU">/share/home/xlzou/WORKSPACE/rszhong/workspace/test_new_project/altermagnetism_LLG/scripts/tests/test_gate_f.py:156: full Gate-F shape smoke requires Slurm GPU</skipped></testcase><testcase classname="scripts.tests.test_gate_f" name="test_full_gate_shape_gpu[32]" time="0.000"><skipped type="pytest.skip" message="full Gate-F shape smoke requires Slurm GPU">/share/home/xlzou/WORKSPACE/rszhong/workspace/test_new_project/altermagnetism_LLG/scripts/tests/test_gate_f.py:156: full Gate-F shape smoke requires Slurm GPU</skipped></testcase></testsuite></testsuites>