<?xml version="1.0" encoding="utf-8"?><testsuites><testsuite name="pytest" errors="0" failures="0" skipped="0" tests="23" time="12.456" timestamp="2026-09-12T08:12:42.179803+08:00" hostname="gpu007"><testcase classname="scripts.archive.gate_f_software_20260912_001410.code.scripts.tests.test_gate_f" name="test_graph_matches_existing_hamiltonian[periodic0-100]" time="0.677" /><testcase classname="scripts.archive.gate_f_software_20260912_001410.code.scripts.tests.test_gate_f" name="test_graph_matches_existing_hamiltonian[periodic0-110]" time="0.012" /><testcase classname="scripts.archive.gate_f_software_20260912_001410.code.scripts.tests.test_gate_f" name="test_graph_matches_existing_hamiltonian[periodic1-100]" time="0.009" /><testcase classname="scripts.archive.gate_f_software_20260912_001410.code.scripts.tests.test_gate_f" name="test_graph_matches_existing_hamiltonian[periodic1-110]" time="0.012" /><testcase classname="scripts.archive.gate_f_software_20260912_001410.code.scripts.tests.test_gate_f" name="test_graph_matches_existing_hamiltonian[periodic2-100]" time="0.008" /><testcase classname="scripts.archive.gate_f_software_20260912_001410.code.scripts.tests.test_gate_f" name="test_graph_matches_existing_hamiltonian[periodic2-110]" time="0.012" /><testcase classname="scripts.archive.gate_f_software_20260912_001410.code.scripts.tests.test_gate_f" name="test_twenty_joint_rotations_and_translations[100-dtype0]" time="3.575" /><testcase classname="scripts.archive.gate_f_software_20260912_001410.code.scripts.tests.test_gate_f" name="test_twenty_joint_rotations_and_translations[100-dtype1]" time="1.004" /><testcase classname="scripts.archive.gate_f_software_20260912_001410.code.scripts.tests.test_gate_f" name="test_twenty_joint_rotations_and_translations[110-dtype0]" time="0.109" /><testcase classname="scripts.archive.gate_f_software_20260912_001410.code.scripts.tests.test_gate_f" name="test_twenty_joint_rotations_and_translations[110-dtype1]" time="0.105" /><testcase classname="scripts.archive.gate_f_software_20260912_001410.code.scripts.tests.test_gate_f" name="test_source_and_cut_locus" time="0.008" /><testcase classname="scripts.archive.gate_f_software_20260912_001410.code.scripts.tests.test_gate_f" name="test_backprop_sampling_and_checkpoint[rfm]" time="3.196" /><testcase classname="scripts.archive.gate_f_software_20260912_001410.code.scripts.tests.test_gate_f" name="test_backprop_sampling_and_checkpoint[deterministic]" time="0.023" /><testcase classname="scripts.archive.gate_f_software_20260912_001410.code.scripts.tests.test_gate_f" name="test_backprop_sampling_and_checkpoint[euclidean]" time="0.020" /><testcase classname="scripts.archive.gate_f_software_20260912_001410.code.scripts.tests.test_gate_f" name="test_backprop_sampling_and_checkpoint[autoregressive]" time="0.059" /><testcase classname="scripts.archive.gate_f_software_20260912_001410.code.scripts.tests.test_gate_f" name="test_conditions_and_physical_duration_are_consumed" time="0.014" /><testcase classname="scripts.archive.gate_f_software_20260912_001410.code.scripts.tests.test_gate_f" name="test_reject_draft_and_leakage" time="0.008" /><testcase classname="scripts.archive.gate_f_software_20260912_001410.code.scripts.tests.test_gate_f" name="test_graph_relabeling_covariance" time="0.318" /><testcase classname="scripts.archive.gate_f_software_20260912_001410.code.scripts.tests.test_gate_f" name="test_ed_and_scales" time="0.013" /><testcase classname="scripts.archive.gate_f_software_20260912_001410.code.scripts.tests.test_gate_f" name="test_full_gate_shape_gpu[16]" time="0.033" /><testcase classname="scripts.archive.gate_f_software_20260912_001410.code.scripts.tests.test_gate_f" name="test_full_gate_shape_gpu[32]" time="0.046" /><testcase classname="scripts.archive.gate_f_software_20260912_001410.code.scripts.tests.test_gate_f" name="test_lazy_schema_roundtrip" time="0.141" /><testcase classname="scripts.archive.gate_f_software_20260912_001410.code.scripts.tests.test_gate_f" name="test_bootstrap_is_reproducible_and_finite" time="1.386" /></testsuite></testsuites>